<?xml version="1.0" encoding="UTF-8"?>
<!-- Generated by org.testng.reporters.JUnitReportReporter -->
<testsuite hostname="DESKTOP-4M14A0P" failures="0" tests="1" name="driverFactory.TestScript" time="27.012" errors="0" timestamp="2023-01-11T11:25:04 IST" skipped="0">
  <testcase classname="driverFactory.TestScript" name="startTest" time="27.012"/>
  <system-out>
    <![CDATA[No of rows are::5
Add Employee Success
Add Employee Success
Add Employee Success
Add Employee Success
Add Employee Success]]>
  </system-out>
</testsuite> <!-- driverFactory.TestScript -->
