<?xml version="1.0" encoding="UTF-8"?>
<!-- Generated by org.testng.reporters.JUnitReportReporter -->
<testsuite hostname="DESKTOP-4M14A0P" failures="0" tests="1" name="driverFactory.DriverScript" time="38.934" errors="0" timestamp="2023-01-11T11:25:04 IST" skipped="0">
  <testcase classname="driverFactory.DriverScript" name="startTest" time="38.934"/>
  <system-out>
    <![CDATA[No of rows are::10
Login success   dashboard     http://orangehrm.qedgetech.com/symfony/web/index.php/dashboard
Invalid credentials   dashboard       http://orangehrm.qedgetech.com/symfony/web/index.php/auth/validateCredentials
Invalid credentials   dashboard       http://orangehrm.qedgetech.com/symfony/web/index.php/auth/validateCredentials
Login success   dashboard     http://orangehrm.qedgetech.com/symfony/web/index.php/dashboard
Username cannot be empty   dashboard       http://orangehrm.qedgetech.com/symfony/web/index.php/auth/login
Login success   dashboard     http://orangehrm.qedgetech.com/symfony/web/index.php/dashboard
Password cannot be empty   dashboard       http://orangehrm.qedgetech.com/symfony/web/index.php/auth/login
Login success   dashboard     http://orangehrm.qedgetech.com/symfony/web/index.php/dashboard
Username cannot be empty   dashboard       http://orangehrm.qedgetech.com/symfony/web/index.php/auth/login
Login success   dashboard     http://orangehrm.qedgetech.com/symfony/web/index.php/dashboard]]>
  </system-out>
</testsuite> <!-- driverFactory.DriverScript -->
